2025-05-07 21:42:18,732 - __main__ - INFO - Created directory: ./logs
2025-05-07 21:42:18,733 - __main__ - INFO - Created directory: ./processed_data
2025-05-07 21:42:18,734 - __main__ - INFO - Created directory: ./.mcp_local_storage
2025-05-07 21:42:18,736 - __main__ - INFO - Processing log file: test_output.log
2025-05-07 21:42:18,763 - __main__ - INFO - Log processing complete. Output saved to ./logs\processed_log_20250507214218.log
2025-05-07 21:42:18,765 - __main__ - INFO - Storing data in Memory_Server...
2025-05-07 21:42:18,771 - mcp_wrapper - WARNING - roo_toolkit not available. Using local fallback storage.
2025-05-07 21:42:18,777 - mcp_wrapper - INFO - Stored 1 entities in local storage
2025-05-07 21:42:18,779 - mcp_wrapper - INFO - Stored 0 relations in local storage
2025-05-07 21:42:18,779 - utils.token_optimizer - INFO - Stored 1 entities in Memory_Server
2025-05-07 21:42:18,779 - utils.token_optimizer - INFO - Stored 0 relations in Memory_Server
2025-05-07 21:42:18,780 - __main__ - INFO - Successfully stored data in Memory_Server
2025-05-07 21:42:18,780 - __main__ - INFO - Tracking token usage...
2025-05-07 21:42:18,783 - mcp_wrapper - WARNING - roo_toolkit not available. Using local fallback storage.
2025-05-07 21:42:18,786 - mcp_wrapper - INFO - Set token budget to 150000 in local storage
2025-05-07 21:42:18,789 - mcp_wrapper - INFO - Tracked 36 tokens in local storage. Current usage: 36/150000
2025-05-07 21:42:18,789 - utils.token_optimizer - INFO - Tracked 36 tokens
2025-05-07 21:42:18,790 - __main__ - INFO - Token usage tracked: ~36 tokens
2025-05-07 21:42:18,790 - __main__ - INFO - Preprocessing data from test_output.log in chunks...
2025-05-07 21:42:18,792 - utils.data_preprocessor - INFO - Processing file test_output.log in chunks of 1000 lines
2025-05-07 21:42:18,816 - utils.data_preprocessor - INFO - Processed chunk 1 (0 items)
2025-05-07 21:42:18,828 - utils.data_preprocessor - INFO - Processed chunk 2 (0 items)
2025-05-07 21:42:18,830 - utils.data_preprocessor - INFO - Saved processed data to ./logs\processed_test_output.log_20250507214218.json
2025-05-07 21:42:18,832 - __main__ - INFO - Report saved to: ./logs\report_test_output.log_20250507214218.md
2025-05-07 21:42:18,833 - __main__ - INFO - Token optimization complete
2025-05-07 21:51:28,294 - __main__ - INFO - Processing log file: test_output.log
2025-05-07 21:51:28,314 - __main__ - INFO - Log processing complete. Output saved to ./logs\processed_log_20250507215128.log
2025-05-07 21:51:28,317 - __main__ - INFO - Skipping memory storage (--store-memory not specified)
2025-05-07 21:51:28,317 - __main__ - INFO - Skipping token usage tracking (--track-usage not specified)
2025-05-07 21:51:28,318 - __main__ - INFO - Skipping data preprocessing (--preprocess not specified)
2025-05-07 21:51:28,318 - __main__ - INFO - Checking current token usage...
2025-05-07 21:51:28,321 - utils.mcp_wrapper - WARNING - roo_toolkit not available. Using local fallback storage.
2025-05-07 21:51:28,324 - __main__ - INFO - Token optimization complete
2025-05-07 21:51:54,656 - __main__ - INFO - Processing log file: test_output.log
2025-05-07 21:51:54,679 - __main__ - INFO - Log processing complete. Output saved to ./logs\processed_log_20250507215154.log
2025-05-07 21:51:54,681 - __main__ - INFO - Skipping memory storage (--store-memory not specified)
2025-05-07 21:51:54,681 - __main__ - INFO - Tracking token usage...
2025-05-07 21:51:54,685 - mcp_wrapper - WARNING - roo_toolkit not available. Using local fallback storage.
2025-05-07 21:51:54,688 - mcp_wrapper - INFO - Set token budget to 150000 in local storage
2025-05-07 21:51:54,691 - mcp_wrapper - INFO - Tracked 36 tokens in local storage. Current usage: 72/150000
2025-05-07 21:51:54,692 - utils.token_optimizer - INFO - Tracked 36 tokens
2025-05-07 21:51:54,692 - __main__ - INFO - Token usage tracked: ~36 tokens
2025-05-07 21:51:54,692 - __main__ - INFO - Preprocessing data from test_output.log in chunks...
2025-05-07 21:51:54,694 - utils.data_preprocessor - INFO - Processing file test_output.log in chunks of 1000 lines
2025-05-07 21:51:54,718 - utils.data_preprocessor - INFO - Processed chunk 1 (0 items)
2025-05-07 21:51:54,729 - utils.data_preprocessor - INFO - Processed chunk 2 (0 items)
2025-05-07 21:51:54,731 - utils.data_preprocessor - INFO - Saved processed data to ./logs\processed_test_output.log_20250507215154.json
2025-05-07 21:51:54,735 - __main__ - INFO - Report saved to: ./logs\report_test_output.log_20250507215154.md
2025-05-07 21:51:54,760 - __main__ - INFO - Token optimization complete
